
> react-typescript-starter@0.1.0 test
> react-scripts test --coverage

Browserslist: caniuse-lite is outdated. Please run:
  npx browserslist@latest --update-db
  Why you should do it regularly: https://github.com/browserslist/browserslist#browsers-data-updating
PASS src/Testing/CustomerCart.test.tsx
PASS src/Testing/EmployeeCart.test.tsx
PASS src/Testing/NewUserForm.test.tsx
PASS src/Testing/CentralList.test.tsx
PASS src/Testing/Navbar.test.tsx
PASS src/Testing/FoodItem.test.tsx
PASS src/Testing/store.test.tsx
FAIL src/Testing/DeleteUserModal.test.tsx
  ● New User Form Tests › The button opens a modal window with number of buttons === 2

    expect(received).toBe(expected) // Object.is equality

    Expected: 2
    Received: 1

      75 |
      76 |         const modalButtons = screen.getAllByRole("button");
    > 77 |         expect(modalButtons.length).toBe(2);
         |                                     ^
      78 |     });
      79 | });
      80 |

      at Object.<anonymous> (src/Testing/DeleteUserModal.test.tsx:77:37)

PASS src/Testing/App.test.tsx
PASS src/Testing/template.test.tsx
-----------------------|---------|----------|---------|---------|----------------------
File                   | % Stmts | % Branch | % Funcs | % Lines | Uncovered Line #s    
-----------------------|---------|----------|---------|---------|----------------------
All files              |    51.6 |       52 |   43.79 |   52.61 |                      
 src                   |     100 |      100 |     100 |     100 |                      
  App.tsx              |     100 |      100 |     100 |     100 |                      
 src/components        |   52.98 |    54.92 |   45.96 |   53.97 |                      
  AddFoodForm.tsx      |    37.5 |      100 |    8.33 |   39.13 | 41-64,71-170         
  CentralList.tsx      |    64.7 |       25 |   83.33 |    64.7 | 29,37-42             
  CustomerCart.tsx     |   68.42 |    77.77 |   71.42 |   67.56 | 31,58-77,101         
  DeleteFoodButton.tsx |    9.09 |     8.33 |   13.33 |      10 | 37,44-93             
  DeleteUserModal.tsx  |   26.66 |        0 |   27.27 |   28.57 | 20-37,44,75-89       
  EmployeeCart.tsx     |      80 |       75 |      90 |   84.61 | 37-41                
  FoodItem.tsx         |   90.62 |    86.66 |   76.92 |   90.32 | 88-93,148            
  IntroHeader.tsx      |     100 |      100 |     100 |     100 |                      
  Navbar.tsx           |   18.75 |      100 |   22.22 |      20 | 46-70,82-113,139-158 
  NewUserForm.tsx      |      95 |       50 |   88.88 |   94.73 | 41                   
  OwnerFoodView.tsx    |      50 |      100 |    37.5 |      50 | 19,26-45,70-74       
  RequestForm.tsx      |   39.13 |      100 |    8.33 |    40.9 | 37-55,62-157         
  UserSelect.tsx       |   28.57 |        0 |      50 |   28.57 | 20-26                
 src/interfaces        |     100 |      100 |     100 |     100 |                      
  food.ts              |     100 |      100 |     100 |     100 |                      
  request.ts           |       0 |        0 |       0 |       0 |                      
  user.ts              |       0 |        0 |       0 |       0 |                      
 src/pages             |   35.71 |        0 |   16.66 |   37.03 |                      
  Landing.tsx          |     100 |      100 |     100 |     100 |                      
  Store.tsx            |   33.33 |        0 |    9.09 |   34.61 | 38-94                
-----------------------|---------|----------|---------|---------|----------------------

Test Suites: 1 failed, 9 passed, 10 total
Tests:       1 failed, 46 passed, 47 total
Snapshots:   0 total
Time:        9.259 s
Ran all test suites.
